TN:
SF:src/app.ts
FN:13,(anonymous_0)
FN:32,(anonymous_1)
FNF:2
FNH:1
FNDA:20,(anonymous_0)
FNDA:0,(anonymous_1)
DA:6,4
DA:8,4
DA:13,4
DA:14,20
DA:15,20
DA:16,20
DA:18,20
DA:20,20
DA:21,20
DA:23,20
DA:29,20
DA:32,4
LF:12
LH:12
BRDA:23,0,0,4
BRDA:23,0,1,16
BRDA:25,1,0,8
BRDA:25,1,1,8
BRF:4
BRH:4
end_of_record
TN:
SF:src/api/createAccount.ts
FN:8,(anonymous_0)
FNF:1
FNH:1
FNDA:6,(anonymous_0)
DA:8,1
DA:9,6
DA:11,6
DA:12,6
DA:14,6
DA:15,3
DA:24,3
DA:29,3
DA:33,2
DA:35,2
DA:37,2
DA:52,1
DA:53,1
LF:13
LH:13
BRDA:14,0,0,3
BRDA:14,0,1,3
BRDA:14,1,0,6
BRDA:14,1,1,5
BRDA:14,1,2,4
BRF:5
BRH:5
end_of_record
TN:
SF:src/api/dbconnect.ts
FNF:0
FNH:0
DA:4,0
LF:1
LH:0
BRF:0
BRH:0
end_of_record
TN:
SF:src/api/login.ts
FN:8,(anonymous_0)
FNF:1
FNH:1
FNDA:5,(anonymous_0)
DA:8,1
DA:9,5
DA:10,5
DA:13,5
DA:15,4
DA:16,1
DA:17,1
DA:23,3
DA:25,3
DA:26,1
DA:27,1
DA:30,2
DA:32,2
DA:34,2
DA:46,1
DA:47,1
LF:16
LH:16
BRDA:15,0,0,1
BRDA:15,0,1,3
BRDA:25,1,0,1
BRDA:25,1,1,2
BRF:4
BRH:4
end_of_record
TN:
SF:src/api/logout.ts
FN:6,(anonymous_0)
FNF:1
FNH:1
FNDA:4,(anonymous_0)
DA:6,1
DA:7,4
DA:8,4
DA:10,4
DA:11,1
DA:14,3
DA:19,3
DA:21,2
DA:23,2
DA:25,1
DA:26,1
LF:11
LH:11
BRDA:10,0,0,1
BRDA:10,0,1,3
BRF:2
BRH:2
end_of_record
TN:
SF:src/api/refresh.ts
FN:8,(anonymous_0)
FNF:1
FNH:1
FNDA:5,(anonymous_0)
DA:8,1
DA:9,5
DA:10,5
DA:13,5
DA:14,1
DA:17,4
DA:23,4
DA:25,3
DA:26,1
DA:27,1
DA:31,2
DA:34,2
DA:40,2
DA:42,2
DA:44,2
DA:46,2
DA:51,2
DA:53,2
DA:56,2
DA:61,2
DA:64,2
DA:66,2
DA:77,1
DA:78,1
LF:24
LH:24
BRDA:13,0,0,1
BRDA:13,0,1,4
BRDA:25,1,0,1
BRDA:25,1,1,2
BRF:4
BRH:4
end_of_record
TN:
SF:src/utils/createTokens.ts
FN:7,(anonymous_0)
FNF:1
FNH:1
FNDA:5,(anonymous_0)
DA:7,1
DA:11,5
DA:17,5
DA:19,5
DA:21,5
DA:23,5
DA:28,5
DA:29,5
DA:31,5
DA:34,5
DA:37,5
LF:11
LH:11
BRF:0
BRH:0
end_of_record
TN:
SF:src/utils/logger.ts
FN:11,level
FNF:1
FNH:0
FNDA:0,level
DA:3,0
DA:5,0
DA:12,0
LF:3
LH:0
BRDA:7,0,0,0
BRDA:7,0,1,0
BRDA:16,1,0,0
BRDA:16,1,1,0
BRF:4
BRH:0
end_of_record
